<?xml version="1.0" encoding="UTF-8"?>
<testng-results ignored="0" total="1" passed="1" failed="0" skipped="0">
  <reporter-output>
  </reporter-output>
  <suite started-at="2025-12-17T12:57:15 IST" name="Surefire suite" finished-at="2025-12-17T12:57:40 IST" duration-ms="24695">
    <groups>
    </groups>
    <test started-at="2025-12-17T12:57:15 IST" name="Surefire test" finished-at="2025-12-17T12:57:40 IST" duration-ms="24695">
      <class name="tests.PracticeFormTest">
        <test-method is-config="true" signature="setup()[pri:0, instance:tests.PracticeFormTest@10e41621]" started-at="2025-12-17T12:57:15 IST" name="setup" finished-at="2025-12-17T12:57:37 IST" duration-ms="21458" status="PASS">
          <reporter-output>
          </reporter-output>
        </test-method> <!-- setup -->
        <test-method signature="submitFormTest(java.lang.String,java.lang.String,java.lang.String,java.lang.String,java.lang.String,java.lang.String,java.lang.String,java.lang.String,java.lang.String,java.lang.String,java.lang.String,java.lang.String)[pri:0, instance:tests.PracticeFormTest@10e41621]" started-at="2025-12-17T12:57:37 IST" name="submitFormTest" data-provider="practiceFormData" finished-at="2025-12-17T12:57:39 IST" duration-ms="2411" status="PASS">
          <params>
            <param index="0">
              <value>
                <![CDATA[Rahul]]>
              </value>
            </param>
            <param index="1">
              <value>
                <![CDATA[Sharma]]>
              </value>
            </param>
            <param index="2">
              <value>
                <![CDATA[rahul@test.com]]>
              </value>
            </param>
            <param index="3">
              <value>
                <![CDATA[Male]]>
              </value>
            </param>
            <param index="4">
              <value>
                <![CDATA[9876543210]]>
              </value>
            </param>
            <param index="5">
              <value>
                <![CDATA[10-Oct-1995]]>
              </value>
            </param>
            <param index="6">
              <value>
                <![CDATA[Maths]]>
              </value>
            </param>
            <param index="7">
              <value>
                <![CDATA[Sports]]>
              </value>
            </param>
            <param index="8">
              <value>
                <![CDATA[D:/pic.jpg]]>
              </value>
            </param>
            <param index="9">
              <value>
                <![CDATA[Delhi]]>
              </value>
            </param>
            <param index="10">
              <value>
                <![CDATA[NCR]]>
              </value>
            </param>
            <param index="11">
              <value>
                <![CDATA[Delhi]]>
              </value>
            </param>
          </params>
          <reporter-output>
          </reporter-output>
        </test-method> <!-- submitFormTest -->
        <test-method is-config="true" signature="teardown()[pri:0, instance:tests.PracticeFormTest@10e41621]" started-at="2025-12-17T12:57:39 IST" name="teardown" finished-at="2025-12-17T12:57:40 IST" duration-ms="264" status="PASS">
          <reporter-output>
          </reporter-output>
        </test-method> <!-- teardown -->
      </class> <!-- tests.PracticeFormTest -->
    </test> <!-- Surefire test -->
  </suite> <!-- Surefire suite -->
</testng-results>
